<?xml version="1.0" encoding="UTF-8"?>
<coverage generated="1516223211154" clover="3.2.0">
  <project timestamp="1516223211158" name="All files">
    <metrics statements="29" coveredstatements="26" conditionals="10" coveredconditionals="7" methods="9" coveredmethods="9" elements="48" coveredelements="42" complexity="0" loc="29" ncloc="29" packages="4" files="8" classes="8">
      <package name="redux-timeout2">
        <metrics statements="1" coveredstatements="1" conditionals="0" coveredconditionals="0" methods="0" coveredmethods="0"/>
        <file name="store.js" path="/Users/adpoyao/thinkful_projects/redux/redux-timeout2/store.js">
          <metrics statements="1" coveredstatements="1" conditionals="0" coveredconditionals="0" methods="0" coveredmethods="0"/>
          <line num="13" count="1" type="stmt"/>
        </file>
      </package>
      <package name="redux-timeout2.actions">
        <metrics statements="8" coveredstatements="8" conditionals="0" coveredconditionals="0" methods="4" coveredmethods="4"/>
        <file name="actionType.js" path="/Users/adpoyao/thinkful_projects/redux/redux-timeout2/actions/actionType.js">
          <metrics statements="4" coveredstatements="4" conditionals="0" coveredconditionals="0" methods="0" coveredmethods="0"/>
          <line num="3" count="3" type="stmt"/>
          <line num="4" count="3" type="stmt"/>
          <line num="5" count="3" type="stmt"/>
          <line num="6" count="3" type="stmt"/>
        </file>
        <file name="helloWorld.js" path="/Users/adpoyao/thinkful_projects/redux/redux-timeout2/actions/helloWorld.js">
          <metrics statements="1" coveredstatements="1" conditionals="0" coveredconditionals="0" methods="1" coveredmethods="1"/>
          <line num="3" count="3" type="stmt"/>
        </file>
        <file name="increment.js" path="/Users/adpoyao/thinkful_projects/redux/redux-timeout2/actions/increment.js">
          <metrics statements="3" coveredstatements="3" conditionals="0" coveredconditionals="0" methods="3" coveredmethods="3"/>
          <line num="3" count="3" type="stmt"/>
          <line num="7" count="4" type="stmt"/>
          <line num="11" count="3" type="stmt"/>
        </file>
        <file name="index.js" path="/Users/adpoyao/thinkful_projects/redux/redux-timeout2/actions/index.js">
          <metrics statements="0" coveredstatements="0" conditionals="0" coveredconditionals="0" methods="0" coveredmethods="0"/>
        </file>
      </package>
      <package name="redux-timeout2.middleware">
        <metrics statements="8" coveredstatements="7" conditionals="4" coveredconditionals="3" methods="3" coveredmethods="3"/>
        <file name="delayMiddleware.js" path="/Users/adpoyao/thinkful_projects/redux/redux-timeout2/middleware/delayMiddleware.js">
          <metrics statements="8" coveredstatements="7" conditionals="4" coveredconditionals="3" methods="3" coveredmethods="3"/>
          <line num="9" count="3" type="stmt"/>
          <line num="10" count="3" type="stmt"/>
          <line num="11" count="3" type="cond" truecount="2" falsecount="0"/>
          <line num="12" count="1" type="stmt"/>
          <line num="13" count="1" type="stmt"/>
          <line num="15" count="2" type="cond" truecount="1" falsecount="1"/>
          <line num="16" count="0" type="stmt"/>
          <line num="18" count="3" type="stmt"/>
        </file>
      </package>
      <package name="redux-timeout2.reducers">
        <metrics statements="12" coveredstatements="10" conditionals="6" coveredconditionals="4" methods="2" coveredmethods="2"/>
        <file name="helloWorld.js" path="/Users/adpoyao/thinkful_projects/redux/redux-timeout2/reducers/helloWorld.js">
          <metrics statements="5" coveredstatements="5" conditionals="2" coveredconditionals="2" methods="1" coveredmethods="1"/>
          <line num="5" count="2" type="stmt"/>
          <line num="9" count="2" type="cond" truecount="1" falsecount="0"/>
          <line num="10" count="6" type="cond" truecount="1" falsecount="0"/>
          <line num="12" count="1" type="stmt"/>
          <line num="16" count="5" type="stmt"/>
        </file>
        <file name="increment.js" path="/Users/adpoyao/thinkful_projects/redux/redux-timeout2/reducers/increment.js">
          <metrics statements="7" coveredstatements="5" conditionals="4" coveredconditionals="2" methods="1" coveredmethods="1"/>
          <line num="5" count="2" type="stmt"/>
          <line num="9" count="2" type="cond" truecount="1" falsecount="0"/>
          <line num="10" count="5" type="cond" truecount="1" falsecount="2"/>
          <line num="12" count="0" type="stmt"/>
          <line num="14" count="1" type="stmt"/>
          <line num="18" count="0" type="stmt"/>
          <line num="20" count="4" type="stmt"/>
        </file>
      </package>
    </metrics>
  </project>
</coverage>
