{"/Users/adpoyao/thinkful_projects/redux/redux-timeout2/store.js": {"path":"/Users/adpoyao/thinkful_projects/redux/redux-timeout2/store.js","statementMap":{"0":{"start":{"line":11,"column":24},"end":{"line":18,"column":1}},"1":{"start":{"line":11,"column":33},"end":{"line":18,"column":1}},"2":{"start":{"line":11,"column":41},"end":{"line":18,"column":1}},"3":{"start":{"line":12,"column":2},"end":{"line":16,"column":3}},"4":{"start":{"line":13,"column":19},"end":{"line":13,"column":71}},"5":{"start":{"line":13,"column":37},"end":{"line":13,"column":64}},"6":{"start":{"line":14,"column":9},"end":{"line":16,"column":3}},"7":{"start":{"line":15,"column":4},"end":{"line":15,"column":28}},"8":{"start":{"line":17,"column":2},"end":{"line":17,"column":22}},"9":{"start":{"line":20,"column":14},"end":{"line":26,"column":1}}},"fnMap":{"0":{"name":"(anonymous_0)","decl":{"start":{"line":11,"column":24},"end":{"line":11,"column":25}},"loc":{"start":{"line":11,"column":33},"end":{"line":18,"column":1}},"line":11},"1":{"name":"(anonymous_1)","decl":{"start":{"line":11,"column":33},"end":{"line":11,"column":34}},"loc":{"start":{"line":11,"column":41},"end":{"line":18,"column":1}},"line":11},"2":{"name":"(anonymous_2)","decl":{"start":{"line":11,"column":41},"end":{"line":11,"column":42}},"loc":{"start":{"line":11,"column":51},"end":{"line":18,"column":1}},"line":11},"3":{"name":"(anonymous_3)","decl":{"start":{"line":13,"column":31},"end":{"line":13,"column":32}},"loc":{"start":{"line":13,"column":37},"end":{"line":13,"column":64}},"line":13}},"branchMap":{"0":{"loc":{"start":{"line":12,"column":2},"end":{"line":16,"column":3}},"type":"if","locations":[{"start":{"line":12,"column":2},"end":{"line":16,"column":3}},{"start":{"line":12,"column":2},"end":{"line":16,"column":3}}],"line":12},"1":{"loc":{"start":{"line":14,"column":9},"end":{"line":16,"column":3}},"type":"if","locations":[{"start":{"line":14,"column":9},"end":{"line":16,"column":3}},{"start":{"line":14,"column":9},"end":{"line":16,"column":3}}],"line":14}},"s":{"0":1,"1":1,"2":1,"3":0,"4":0,"5":0,"6":0,"7":0,"8":0,"9":1},"f":{"0":1,"1":1,"2":0,"3":0},"b":{"0":[0,0],"1":[0,0]},"_coverageSchema":"332fd63041d2c1bcb487cc26dd0d5f7d97098a6c","hash":"781bfdbe7feb403889434f63e4cf0a1760cc8349"}
,"/Users/adpoyao/thinkful_projects/redux/redux-timeout2/actions/actionType.js": {"path":"/Users/adpoyao/thinkful_projects/redux/redux-timeout2/actions/actionType.js","statementMap":{"0":{"start":{"line":3,"column":27},"end":{"line":3,"column":40}},"1":{"start":{"line":4,"column":31},"end":{"line":4,"column":48}},"2":{"start":{"line":5,"column":25},"end":{"line":5,"column":36}},"3":{"start":{"line":6,"column":21},"end":{"line":6,"column":28}}},"fnMap":{},"branchMap":{},"s":{"0":3,"1":3,"2":3,"3":3},"f":{},"b":{},"_coverageSchema":"332fd63041d2c1bcb487cc26dd0d5f7d97098a6c","hash":"7097f4b12cf02bef66280186dbee4a207d5199ac"}
,"/Users/adpoyao/thinkful_projects/redux/redux-timeout2/actions/helloWorld.js": {"path":"/Users/adpoyao/thinkful_projects/redux/redux-timeout2/actions/helloWorld.js","statementMap":{"0":{"start":{"line":3,"column":26},"end":{"line":5,"column":2}},"1":{"start":{"line":3,"column":33},"end":{"line":5,"column":1}}},"fnMap":{"0":{"name":"(anonymous_0)","decl":{"start":{"line":3,"column":26},"end":{"line":3,"column":27}},"loc":{"start":{"line":3,"column":33},"end":{"line":5,"column":1}},"line":3}},"branchMap":{},"s":{"0":3,"1":1},"f":{"0":1},"b":{},"_coverageSchema":"332fd63041d2c1bcb487cc26dd0d5f7d97098a6c","hash":"4281889abd8665b593ed01496171a307d0b8e482"}
,"/Users/adpoyao/thinkful_projects/redux/redux-timeout2/actions/increment.js": {"path":"/Users/adpoyao/thinkful_projects/redux/redux-timeout2/actions/increment.js","statementMap":{"0":{"start":{"line":3,"column":30},"end":{"line":5,"column":2}},"1":{"start":{"line":3,"column":37},"end":{"line":5,"column":1}},"2":{"start":{"line":7,"column":25},"end":{"line":9,"column":2}},"3":{"start":{"line":7,"column":32},"end":{"line":9,"column":1}},"4":{"start":{"line":11,"column":21},"end":{"line":13,"column":2}},"5":{"start":{"line":11,"column":28},"end":{"line":13,"column":1}}},"fnMap":{"0":{"name":"(anonymous_0)","decl":{"start":{"line":3,"column":30},"end":{"line":3,"column":31}},"loc":{"start":{"line":3,"column":37},"end":{"line":5,"column":1}},"line":3},"1":{"name":"(anonymous_1)","decl":{"start":{"line":7,"column":25},"end":{"line":7,"column":26}},"loc":{"start":{"line":7,"column":32},"end":{"line":9,"column":1}},"line":7},"2":{"name":"(anonymous_2)","decl":{"start":{"line":11,"column":21},"end":{"line":11,"column":22}},"loc":{"start":{"line":11,"column":28},"end":{"line":13,"column":1}},"line":11}},"branchMap":{},"s":{"0":3,"1":0,"2":3,"3":1,"4":3,"5":1},"f":{"0":0,"1":1,"2":1},"b":{},"_coverageSchema":"332fd63041d2c1bcb487cc26dd0d5f7d97098a6c","hash":"f6d3593910689f89991276e37568b9f5ebf1e5d0"}
,"/Users/adpoyao/thinkful_projects/redux/redux-timeout2/actions/index.js": {"path":"/Users/adpoyao/thinkful_projects/redux/redux-timeout2/actions/index.js","statementMap":{},"fnMap":{},"branchMap":{},"s":{},"f":{},"b":{},"_coverageSchema":"332fd63041d2c1bcb487cc26dd0d5f7d97098a6c","hash":"49fb3e7ffa73e413a8584750700f0a69c7965c4f"}
,"/Users/adpoyao/thinkful_projects/redux/redux-timeout2/reducers/helloWorld.js": {"path":"/Users/adpoyao/thinkful_projects/redux/redux-timeout2/reducers/helloWorld.js","statementMap":{"0":{"start":{"line":5,"column":21},"end":{"line":7,"column":1}},"1":{"start":{"line":9,"column":23},"end":{"line":17,"column":1}},"2":{"start":{"line":10,"column":2},"end":{"line":15,"column":3}},"3":{"start":{"line":12,"column":6},"end":{"line":14,"column":9}},"4":{"start":{"line":16,"column":2},"end":{"line":16,"column":14}}},"fnMap":{"0":{"name":"(anonymous_0)","decl":{"start":{"line":9,"column":23},"end":{"line":9,"column":24}},"loc":{"start":{"line":9,"column":55},"end":{"line":17,"column":1}},"line":9}},"branchMap":{"0":{"loc":{"start":{"line":9,"column":24},"end":{"line":9,"column":42}},"type":"default-arg","locations":[{"start":{"line":9,"column":30},"end":{"line":9,"column":42}}],"line":9},"1":{"loc":{"start":{"line":10,"column":2},"end":{"line":15,"column":3}},"type":"switch","locations":[{"start":{"line":11,"column":4},"end":{"line":14,"column":9}}],"line":10}},"s":{"0":2,"1":2,"2":5,"3":1,"4":4},"f":{"0":5},"b":{"0":[4],"1":[1]},"_coverageSchema":"332fd63041d2c1bcb487cc26dd0d5f7d97098a6c","hash":"0e5ca495bb57402fd610f374704da403c2bab1fe"}
,"/Users/adpoyao/thinkful_projects/redux/redux-timeout2/reducers/increment.js": {"path":"/Users/adpoyao/thinkful_projects/redux/redux-timeout2/reducers/increment.js","statementMap":{"0":{"start":{"line":5,"column":21},"end":{"line":7,"column":1}},"1":{"start":{"line":9,"column":23},"end":{"line":21,"column":1}},"2":{"start":{"line":10,"column":2},"end":{"line":19,"column":3}},"3":{"start":{"line":12,"column":6},"end":{"line":12,"column":19}},"4":{"start":{"line":14,"column":6},"end":{"line":16,"column":9}},"5":{"start":{"line":18,"column":6},"end":{"line":18,"column":18}},"6":{"start":{"line":20,"column":2},"end":{"line":20,"column":14}}},"fnMap":{"0":{"name":"(anonymous_0)","decl":{"start":{"line":9,"column":23},"end":{"line":9,"column":24}},"loc":{"start":{"line":9,"column":55},"end":{"line":21,"column":1}},"line":9}},"branchMap":{"0":{"loc":{"start":{"line":9,"column":24},"end":{"line":9,"column":42}},"type":"default-arg","locations":[{"start":{"line":9,"column":30},"end":{"line":9,"column":42}}],"line":9},"1":{"loc":{"start":{"line":10,"column":2},"end":{"line":19,"column":3}},"type":"switch","locations":[{"start":{"line":11,"column":4},"end":{"line":12,"column":19}},{"start":{"line":13,"column":4},"end":{"line":16,"column":9}},{"start":{"line":17,"column":4},"end":{"line":18,"column":18}}],"line":10}},"s":{"0":2,"1":2,"2":4,"3":0,"4":0,"5":0,"6":4},"f":{"0":4},"b":{"0":[4],"1":[0,0,0]},"_coverageSchema":"332fd63041d2c1bcb487cc26dd0d5f7d97098a6c","hash":"53d3f1624567aeb6f6a86be8eb6eabb39055da59"}
}
