{"/Users/nategarrett/thinkful/projects/redux-middleware-ver2/store.js": {"path":"/Users/nategarrett/thinkful/projects/redux-middleware-ver2/store.js","statementMap":{"0":{"start":{"line":13,"column":14},"end":{"line":19,"column":1}}},"fnMap":{},"branchMap":{},"s":{"0":1},"f":{},"b":{},"_coverageSchema":"332fd63041d2c1bcb487cc26dd0d5f7d97098a6c","hash":"568abdb5b2628086468e81c60add0d2a69ad424d"}
,"/Users/nategarrett/thinkful/projects/redux-middleware-ver2/actions/actionType.js": {"path":"/Users/nategarrett/thinkful/projects/redux-middleware-ver2/actions/actionType.js","statementMap":{"0":{"start":{"line":3,"column":27},"end":{"line":3,"column":40}},"1":{"start":{"line":4,"column":31},"end":{"line":4,"column":48}},"2":{"start":{"line":5,"column":25},"end":{"line":5,"column":36}},"3":{"start":{"line":6,"column":21},"end":{"line":6,"column":28}}},"fnMap":{},"branchMap":{},"s":{"0":3,"1":3,"2":3,"3":3},"f":{},"b":{},"_coverageSchema":"332fd63041d2c1bcb487cc26dd0d5f7d97098a6c","hash":"87bd8d3afdf272dd1a4fe417ce1a56c35fcf1dfd"}
,"/Users/nategarrett/thinkful/projects/redux-middleware-ver2/actions/helloWorld.js": {"path":"/Users/nategarrett/thinkful/projects/redux-middleware-ver2/actions/helloWorld.js","statementMap":{"0":{"start":{"line":3,"column":26},"end":{"line":5,"column":2}},"1":{"start":{"line":3,"column":33},"end":{"line":5,"column":1}}},"fnMap":{"0":{"name":"(anonymous_0)","decl":{"start":{"line":3,"column":26},"end":{"line":3,"column":27}},"loc":{"start":{"line":3,"column":33},"end":{"line":5,"column":1}},"line":3}},"branchMap":{},"s":{"0":3,"1":1},"f":{"0":1},"b":{},"_coverageSchema":"332fd63041d2c1bcb487cc26dd0d5f7d97098a6c","hash":"08fb4a1a1ee323fda75ffd38dab1241e9c0d5de6"}
,"/Users/nategarrett/thinkful/projects/redux-middleware-ver2/actions/increment.js": {"path":"/Users/nategarrett/thinkful/projects/redux-middleware-ver2/actions/increment.js","statementMap":{"0":{"start":{"line":3,"column":30},"end":{"line":5,"column":2}},"1":{"start":{"line":3,"column":37},"end":{"line":5,"column":1}},"2":{"start":{"line":7,"column":25},"end":{"line":9,"column":2}},"3":{"start":{"line":7,"column":32},"end":{"line":9,"column":1}},"4":{"start":{"line":11,"column":21},"end":{"line":13,"column":2}},"5":{"start":{"line":11,"column":28},"end":{"line":13,"column":1}}},"fnMap":{"0":{"name":"(anonymous_0)","decl":{"start":{"line":3,"column":30},"end":{"line":3,"column":31}},"loc":{"start":{"line":3,"column":37},"end":{"line":5,"column":1}},"line":3},"1":{"name":"(anonymous_1)","decl":{"start":{"line":7,"column":25},"end":{"line":7,"column":26}},"loc":{"start":{"line":7,"column":32},"end":{"line":9,"column":1}},"line":7},"2":{"name":"(anonymous_2)","decl":{"start":{"line":11,"column":21},"end":{"line":11,"column":22}},"loc":{"start":{"line":11,"column":28},"end":{"line":13,"column":1}},"line":11}},"branchMap":{},"s":{"0":3,"1":0,"2":3,"3":1,"4":3,"5":1},"f":{"0":0,"1":1,"2":1},"b":{},"_coverageSchema":"332fd63041d2c1bcb487cc26dd0d5f7d97098a6c","hash":"15edb89180f96ca91c76d31df176def72999eb6e"}
,"/Users/nategarrett/thinkful/projects/redux-middleware-ver2/actions/index.js": {"path":"/Users/nategarrett/thinkful/projects/redux-middleware-ver2/actions/index.js","statementMap":{},"fnMap":{},"branchMap":{},"s":{},"f":{},"b":{},"_coverageSchema":"332fd63041d2c1bcb487cc26dd0d5f7d97098a6c","hash":"1d05e3ab11f4f0136920fca1d7b6b819c8e97720"}
,"/Users/nategarrett/thinkful/projects/redux-middleware-ver2/middleware/delayMiddleware.js": {"path":"/Users/nategarrett/thinkful/projects/redux-middleware-ver2/middleware/delayMiddleware.js","statementMap":{"0":{"start":{"line":9,"column":31},"end":{"line":16,"column":1}},"1":{"start":{"line":9,"column":59},"end":{"line":16,"column":1}},"2":{"start":{"line":9,"column":67},"end":{"line":16,"column":1}},"3":{"start":{"line":10,"column":2},"end":{"line":14,"column":3}},"4":{"start":{"line":11,"column":19},"end":{"line":11,"column":71}},"5":{"start":{"line":11,"column":37},"end":{"line":11,"column":64}},"6":{"start":{"line":12,"column":9},"end":{"line":14,"column":3}},"7":{"start":{"line":13,"column":4},"end":{"line":13,"column":28}},"8":{"start":{"line":15,"column":2},"end":{"line":15,"column":22}}},"fnMap":{"0":{"name":"(anonymous_0)","decl":{"start":{"line":9,"column":31},"end":{"line":9,"column":32}},"loc":{"start":{"line":9,"column":59},"end":{"line":16,"column":1}},"line":9},"1":{"name":"(anonymous_1)","decl":{"start":{"line":9,"column":59},"end":{"line":9,"column":60}},"loc":{"start":{"line":9,"column":67},"end":{"line":16,"column":1}},"line":9},"2":{"name":"(anonymous_2)","decl":{"start":{"line":9,"column":67},"end":{"line":9,"column":68}},"loc":{"start":{"line":9,"column":77},"end":{"line":16,"column":1}},"line":9},"3":{"name":"(anonymous_3)","decl":{"start":{"line":11,"column":31},"end":{"line":11,"column":32}},"loc":{"start":{"line":11,"column":37},"end":{"line":11,"column":64}},"line":11}},"branchMap":{"0":{"loc":{"start":{"line":10,"column":2},"end":{"line":14,"column":3}},"type":"if","locations":[{"start":{"line":10,"column":2},"end":{"line":14,"column":3}},{"start":{"line":10,"column":2},"end":{"line":14,"column":3}}],"line":10},"1":{"loc":{"start":{"line":12,"column":9},"end":{"line":14,"column":3}},"type":"if","locations":[{"start":{"line":12,"column":9},"end":{"line":14,"column":3}},{"start":{"line":12,"column":9},"end":{"line":14,"column":3}}],"line":12}},"s":{"0":1,"1":2,"2":2,"3":1,"4":1,"5":0,"6":0,"7":0,"8":1},"f":{"0":2,"1":2,"2":1,"3":0},"b":{"0":[1,0],"1":[0,0]},"_coverageSchema":"332fd63041d2c1bcb487cc26dd0d5f7d97098a6c","hash":"06233695f47aec42f9e671a5e16a156d3b88b895"}
,"/Users/nategarrett/thinkful/projects/redux-middleware-ver2/reducers/helloWorld.js": {"path":"/Users/nategarrett/thinkful/projects/redux-middleware-ver2/reducers/helloWorld.js","statementMap":{"0":{"start":{"line":5,"column":21},"end":{"line":7,"column":1}},"1":{"start":{"line":9,"column":23},"end":{"line":17,"column":1}},"2":{"start":{"line":10,"column":2},"end":{"line":15,"column":3}},"3":{"start":{"line":12,"column":6},"end":{"line":14,"column":9}},"4":{"start":{"line":16,"column":2},"end":{"line":16,"column":14}}},"fnMap":{"0":{"name":"(anonymous_0)","decl":{"start":{"line":9,"column":23},"end":{"line":9,"column":24}},"loc":{"start":{"line":9,"column":55},"end":{"line":17,"column":1}},"line":9}},"branchMap":{"0":{"loc":{"start":{"line":9,"column":24},"end":{"line":9,"column":42}},"type":"default-arg","locations":[{"start":{"line":9,"column":30},"end":{"line":9,"column":42}}],"line":9},"1":{"loc":{"start":{"line":10,"column":2},"end":{"line":15,"column":3}},"type":"switch","locations":[{"start":{"line":11,"column":4},"end":{"line":14,"column":9}}],"line":10}},"s":{"0":2,"1":2,"2":5,"3":1,"4":4},"f":{"0":5},"b":{"0":[4],"1":[1]},"_coverageSchema":"332fd63041d2c1bcb487cc26dd0d5f7d97098a6c","hash":"067bf80f9d304480a9c027d0fb065e329701b498"}
,"/Users/nategarrett/thinkful/projects/redux-middleware-ver2/reducers/increment.js": {"path":"/Users/nategarrett/thinkful/projects/redux-middleware-ver2/reducers/increment.js","statementMap":{"0":{"start":{"line":5,"column":21},"end":{"line":7,"column":1}},"1":{"start":{"line":9,"column":23},"end":{"line":21,"column":1}},"2":{"start":{"line":10,"column":2},"end":{"line":19,"column":3}},"3":{"start":{"line":12,"column":6},"end":{"line":12,"column":19}},"4":{"start":{"line":14,"column":6},"end":{"line":16,"column":9}},"5":{"start":{"line":18,"column":6},"end":{"line":18,"column":18}},"6":{"start":{"line":20,"column":2},"end":{"line":20,"column":14}}},"fnMap":{"0":{"name":"(anonymous_0)","decl":{"start":{"line":9,"column":23},"end":{"line":9,"column":24}},"loc":{"start":{"line":9,"column":55},"end":{"line":21,"column":1}},"line":9}},"branchMap":{"0":{"loc":{"start":{"line":9,"column":24},"end":{"line":9,"column":42}},"type":"default-arg","locations":[{"start":{"line":9,"column":30},"end":{"line":9,"column":42}}],"line":9},"1":{"loc":{"start":{"line":10,"column":2},"end":{"line":19,"column":3}},"type":"switch","locations":[{"start":{"line":11,"column":4},"end":{"line":12,"column":19}},{"start":{"line":13,"column":4},"end":{"line":16,"column":9}},{"start":{"line":17,"column":4},"end":{"line":18,"column":18}}],"line":10}},"s":{"0":2,"1":2,"2":4,"3":0,"4":0,"5":0,"6":4},"f":{"0":4},"b":{"0":[4],"1":[0,0,0]},"_coverageSchema":"332fd63041d2c1bcb487cc26dd0d5f7d97098a6c","hash":"2937b377a7e704bfe3e5072b27e03f5122d848bc"}
}
