TN:
SF:/Users/adpoyao/thinkful_projects/redux/redux-timeout2/store.js
FN:11,createDelayMiddleware
FN:12,(anonymous_1)
FN:12,(anonymous_2)
FN:12,(anonymous_3)
FN:14,(anonymous_4)
FNF:5
FNH:3
FNDA:1,createDelayMiddleware
FNDA:2,(anonymous_1)
FNDA:1,(anonymous_2)
FNDA:0,(anonymous_3)
FNDA:0,(anonymous_4)
DA:12,2
DA:13,0
DA:14,0
DA:15,0
DA:16,0
DA:18,0
DA:22,1
DA:24,1
LF:8
LH:3
BRDA:13,0,0,0
BRDA:13,0,1,0
BRDA:15,1,0,0
BRDA:15,1,1,0
BRF:4
BRH:0
end_of_record
TN:
SF:/Users/adpoyao/thinkful_projects/redux/redux-timeout2/actions/actionType.js
FNF:0
FNH:0
DA:3,3
DA:4,3
DA:5,3
DA:6,3
LF:4
LH:4
BRF:0
BRH:0
end_of_record
TN:
SF:/Users/adpoyao/thinkful_projects/redux/redux-timeout2/actions/helloWorld.js
FN:3,(anonymous_0)
FNF:1
FNH:1
FNDA:1,(anonymous_0)
DA:3,3
LF:1
LH:1
BRF:0
BRH:0
end_of_record
TN:
SF:/Users/adpoyao/thinkful_projects/redux/redux-timeout2/actions/increment.js
FN:3,(anonymous_0)
FN:7,(anonymous_1)
FN:11,(anonymous_2)
FNF:3
FNH:2
FNDA:0,(anonymous_0)
FNDA:1,(anonymous_1)
FNDA:1,(anonymous_2)
DA:3,3
DA:7,3
DA:11,3
LF:3
LH:3
BRF:0
BRH:0
end_of_record
TN:
SF:/Users/adpoyao/thinkful_projects/redux/redux-timeout2/actions/index.js
FNF:0
FNH:0
LF:0
LH:0
BRF:0
BRH:0
end_of_record
TN:
SF:/Users/adpoyao/thinkful_projects/redux/redux-timeout2/reducers/helloWorld.js
FN:9,(anonymous_0)
FNF:1
FNH:1
FNDA:5,(anonymous_0)
DA:5,2
DA:9,2
DA:10,5
DA:12,1
DA:16,4
LF:5
LH:5
BRDA:9,0,0,4
BRDA:10,1,0,1
BRF:2
BRH:2
end_of_record
TN:
SF:/Users/adpoyao/thinkful_projects/redux/redux-timeout2/reducers/increment.js
FN:9,(anonymous_0)
FNF:1
FNH:1
FNDA:4,(anonymous_0)
DA:5,2
DA:9,2
DA:10,4
DA:12,0
DA:14,0
DA:18,0
DA:20,4
LF:7
LH:4
BRDA:9,0,0,4
BRDA:10,1,0,0
BRDA:10,1,1,0
BRDA:10,1,2,0
BRF:4
BRH:1
end_of_record
