TN:
SF:/Users/adpoyao/thinkful_projects/redux/redux-timeout2/actions/actionType.js
FNF:0
FNH:0
DA:3,2
DA:5,2
DA:6,2
LF:3
LH:3
BRF:0
BRH:0
end_of_record
TN:
SF:/Users/adpoyao/thinkful_projects/redux/redux-timeout2/actions/helloWorld.js
FN:3,(anonymous_0)
FNF:1
FNH:1
FNDA:1,(anonymous_0)
DA:3,2
LF:1
LH:1
BRF:0
BRH:0
end_of_record
TN:
SF:/Users/adpoyao/thinkful_projects/redux/redux-timeout2/actions/increment.js
FN:3,(anonymous_0)
FN:7,(anonymous_1)
FNF:2
FNH:2
FNDA:1,(anonymous_0)
FNDA:1,(anonymous_1)
DA:3,2
DA:7,2
LF:2
LH:2
BRF:0
BRH:0
end_of_record
TN:
SF:/Users/adpoyao/thinkful_projects/redux/redux-timeout2/actions/index.js
FNF:0
FNH:0
LF:0
LH:0
BRF:0
BRH:0
end_of_record
TN:
SF:/Users/adpoyao/thinkful_projects/redux/redux-timeout2/reducers/helloWorld.js
FN:9,(anonymous_0)
FNF:1
FNH:1
FNDA:2,(anonymous_0)
DA:5,1
DA:9,1
DA:10,2
DA:12,1
DA:16,1
LF:5
LH:5
BRDA:9,0,0,1
BRDA:10,1,0,1
BRF:2
BRH:2
end_of_record
TN:
SF:/Users/adpoyao/thinkful_projects/redux/redux-timeout2/reducers/increment.js
FN:9,(anonymous_0)
FNF:1
FNH:1
FNDA:1,(anonymous_0)
DA:5,1
DA:9,1
DA:10,1
DA:12,0
DA:16,0
DA:18,1
LF:6
LH:4
BRDA:9,0,0,1
BRDA:10,1,0,0
BRDA:10,1,1,0
BRF:3
BRH:1
end_of_record
